<?xml version="1.0" encoding="UTF-8"?>
<!-- Generated by org.testng.reporters.JUnitReportReporter -->
<testsuite hostname="DELL" failures="0" tests="3" name="com.orangehrmai.testcases.OrangeHRMTestCases" time="41.980" errors="0" timestamp="2023-05-23T15:12:57 IST" skipped="0">
  <testcase classname="com.orangehrmai.testcases.OrangeHRMTestCases" name="adminLoginAndLogoutValidation" time="5.916"/>
  <system-out>
    <![CDATA[User logged in Successfully
Dashboard Heading is displayed
User Logged Out Successfully
Login Heading is displayed]]>
  </system-out>
  <testcase classname="com.orangehrmai.testcases.OrangeHRMTestCases" name="addNewEmployee" time="21.759"/>
  <system-out>
    <![CDATA[User logged in Successfully
Dashboard Heading is displayed
PIM Heading is displayed
New Employee Added Successfully
New Employee name is not displayed
User Logged Out Successfully]]>
  </system-out>
  <testcase classname="com.orangehrmai.testcases.OrangeHRMTestCases" name="employeeLoginAndLogoutValidation" time="14.305"/>
  <system-out>
    <![CDATA[User logged in Successfully
Employee name is not displayed
User Logged Out Successfully
Login Heading is displayed]]>
  </system-out>
</testsuite> <!-- com.orangehrmai.testcases.OrangeHRMTestCases -->
