<?xml version="1.0" encoding="UTF-8"?>
<!-- Generated by org.testng.reporters.JUnitReportReporter -->
<testsuite hostname="DELL" failures="0" tests="4" name="com.orangehrmai.testcases.OrangeHRMTestCases" time="51.655" errors="0" timestamp="2023-05-27T13:49:27 IST" skipped="0">
  <testcase classname="com.orangehrmai.testcases.OrangeHRMTestCases" name="adminLoginAndLogoutValidation" time="5.664"/>
  <system-out>
    <![CDATA[User logged in Successfully
Dashboard heading is displayed
User Logged Out Successfully
Login Heading is displayed]]>
  </system-out>
  <testcase classname="com.orangehrmai.testcases.OrangeHRMTestCases" name="addNewEmployee" time="20.193"/>
  <system-out>
    <![CDATA[User logged in Successfully
Dashboard heading is displayed
PIM button clicked
PIM heading is displayed
New Employee Added Successfully
New Employee name is not displayed
User Logged Out Successfully]]>
  </system-out>
  <testcase classname="com.orangehrmai.testcases.OrangeHRMTestCases" name="employeeLoginAndLogoutValidation" time="12.510"/>
  <system-out>
    <![CDATA[User logged in Successfully
Employee name is not displayed
User Logged Out Successfully
Login Heading is displayed]]>
  </system-out>
  <testcase classname="com.orangehrmai.testcases.OrangeHRMTestCases" name="getEmployeeDetailsReport" time="13.288"/>
  <system-out>
    <![CDATA[User logged in Successfully
Dashboard heading is displayed
PIM button clicked
PIM heading is displayed
Reports button is clicked
Employee reports page is displayed
0002
Adalwin
Odis
Chief Technical Officer]]>
  </system-out>
</testsuite> <!-- com.orangehrmai.testcases.OrangeHRMTestCases -->
